<?xml version="1.0" encoding="UTF-8"?>
<testsuite name="RatingsTest" tests="21" skipped="0" failures="0" errors="0" timestamp="2024-03-15T20:26:14" hostname="viglab-31" time="0.012">
  <properties/>
  <testcase name="testSize()" classname="RatingsTest" time="0.0"/>
  <testcase name="testGetMovieAverageRatingNeg()" classname="RatingsTest" time="0.001"/>
  <testcase name="testGetMovieAverageRatingPos()" classname="RatingsTest" time="0.001"/>
  <testcase name="testGetNumRatingsNeg()" classname="RatingsTest" time="0.001"/>
  <testcase name="testGetNumRatingsPos()" classname="RatingsTest" time="0.001"/>
  <testcase name="testGetMostRatedUsersNeg()" classname="RatingsTest" time="0.001"/>
  <testcase name="testGetMostRatedUsersPos()" classname="RatingsTest" time="0.001"/>
  <testcase name="testGetUserRatingsNeg()" classname="RatingsTest" time="0.001"/>
  <testcase name="testGetUserRatingsPos()" classname="RatingsTest" time="0.0"/>
  <testcase name="testGetUserAverageRatingNeg()" classname="RatingsTest" time="0.0"/>
  <testcase name="testGetUserAverageRatingPos()" classname="RatingsTest" time="0.001"/>
  <testcase name="testGetTopAverageRatedMoviesNeg()" classname="RatingsTest" time="0.001"/>
  <testcase name="testGetTopAverageRatedMoviesPos()" classname="RatingsTest" time="0.001"/>
  <testcase name="testAddNeg()" classname="RatingsTest" time="0.001"/>
  <testcase name="testAddPos()" classname="RatingsTest" time="0.0"/>
  <testcase name="testSetAdd()" classname="RatingsTest" time="0.0"/>
  <testcase name="testSetPos()" classname="RatingsTest" time="0.0"/>
  <testcase name="testRemoveNeg()" classname="RatingsTest" time="0.0"/>
  <testcase name="testRemovePos()" classname="RatingsTest" time="0.0"/>
  <testcase name="testGetMovieRatingsNeg()" classname="RatingsTest" time="0.0"/>
  <testcase name="testGetMovieRatingsPos()" classname="RatingsTest" time="0.0"/>
  <system-out><![CDATA[Adding stores.RatingsMetaData@2c1b9e4b under key 101000201 at location 2201
Adding stores.RatingsMetaData@757d6814 under key 101000202 at location 2202
Adding stores.RatingsMetaData@649725e3 under key 101000203 at location 2203
Adding stores.RatingsMetaData@3c0fae6c under key 101000204 at location 2204
Adding stores.RatingsMetaData@4c168660 under key 101000205 at location 2205
Adding stores.RatingsMetaData@52b56a3e under key 102000201 at location 3201
Adding stores.RatingsMetaData@fd0e5b6 under key 102000202 at location 3202
Adding stores.RatingsMetaData@4eed46ee under key 102000203 at location 3203
Adding stores.RatingsMetaData@36b0fcd5 under key 103000201 at location 4201
Adding stores.RatingsMetaData@4fad94a7 under key 103000202 at location 4202
Adding stores.RatingsMetaData@475835b1 under key 103000203 at location 4203
Adding stores.RatingsMetaData@6326d182 under key 103000204 at location 4204
Adding stores.RatingsMetaData@5241cf67 under key 104000201 at location 5201
Adding stores.RatingsMetaData@716a7124 under key 105000201 at location 6201
Adding stores.RatingsMetaData@77192705 under key 105000202 at location 6202

Starting testGetMovieAverageRatingsNeg...

Starting testGetMovieAverageRatings Pos ...

Starting testGetNumRatingsNeg...

Starting testGetNumRatingsPos...

Starting testGetMostRatedUsers ...

Starting testGetMostRatedUsersPos...

Starting testGetUserRatingsNeg...

Starting testGetUserRatingsPos...

Starting testGetUserAverageRatingsNeg...

Starting testGetUserAverageRatings Pos ...

StartingGetTopAverageMoviesUsers ...

Starting testGetTopAverageMoviesPos...

Starting testAddNeg...

Starting testAddPos...
Adding stores.RatingsMetaData@5cc126dc under key 106000206 at location 7206

Starting testSetAdd...
Adding stores.RatingsMetaData@625e134e under key 106000206 at location 7206

Starting testSetPos...
Adding stores.RatingsMetaData@72bd06ca under key 101000201 at location 2201

Starting testRemoveNeg...

Starting testRemovePos...

Starting testGetMovieRatingsNeg...

Starting testGetMovieRatingsPos...
1.0
2.2
1.3
4.4
3.5
]]></system-out>
  <system-err><![CDATA[]]></system-err>
</testsuite>
